QR Code Generator/build/intermediates/manifest_merge_blame_file/debug/processDebugMainManifest/manifest-merger-blame-debug-report.txt
1<?xml version="1.0" encoding="utf-8"?>
2<manifest xmlns:android="http://schemas.android.com/apk/res/android"
3    package="com.ext.qrcodegenerator"
4    android:versionCode="1"
5    android:versionName="1.0" >
6
7    <uses-sdk
8        android:minSdkVersion="24"
9        android:targetSdkVersion="34" />
10
11    <uses-permission android:name="android.permission.READ_EXTERNAL_STORAGE" />
11-->src\main\AndroidManifest.xml:4:5-80
11-->src\main\AndroidManifest.xml:4:22-77
12    <uses-permission
12-->src\main\AndroidManifest.xml:5:5-7:38
13        android:name="android.permission.WRITE_EXTERNAL_STORAGE"
13-->src\main\AndroidManifest.xml:6:9-65
14        android:maxSdkVersion="28" /> <!-- If you want to use camera for image capture (optional) -->
14-->src\main\AndroidManifest.xml:7:9-35
15    <uses-permission android:name="android.permission.CAMERA" /> <!-- For Android 13+ (API 33+) if you want to read media images -->
15-->src\main\AndroidManifest.xml:8:5-65
15-->src\main\AndroidManifest.xml:8:22-62
16    <uses-permission android:name="android.permission.READ_MEDIA_IMAGES" />
16-->src\main\AndroidManifest.xml:9:5-76
16-->src\main\AndroidManifest.xml:9:22-73
17
18    <uses-feature android:name="android.hardware.camera" />
18-->src\main\AndroidManifest.xml:10:5-60
18-->src\main\AndroidManifest.xml:10:19-57
19    <uses-feature android:name="android.hardware.camera.autofocus" />
19-->src\main\AndroidManifest.xml:11:5-70
19-->src\main\AndroidManifest.xml:11:19-67
20
21    <permission
21-->[androidx.core:core:1.12.0] AndroidManifest.xml:22:5-24:47
22        android:name="com.ext.qrcodegenerator.DYNAMIC_RECEIVER_NOT_EXPORTED_PERMISSION"
22-->[androidx.core:core:1.12.0] AndroidManifest.xml:23:9-81
23        android:protectionLevel="signature" />
23-->[androidx.core:core:1.12.0] AndroidManifest.xml:24:9-44
24
25    <uses-permission android:name="com.ext.qrcodegenerator.DYNAMIC_RECEIVER_NOT_EXPORTED_PERMISSION" /> <!-- Although the *SdkVersion is captured in gradle build files, this is required for non gradle builds -->
25-->[androidx.core:core:1.12.0] AndroidManifest.xml:26:5-97
25-->[androidx.core:core:1.12.0] AndroidManifest.xml:26:22-94
26    <!-- <uses-sdk android:minSdkVersion="14"/> -->
27    <uses-permission android:name="android.permission.ACCESS_NETWORK_STATE" />
27-->[com.google.android.datatransport:transport-backend-cct:2.3.3] AndroidManifest.xml:25:5-79
27-->[com.google.android.datatransport:transport-backend-cct:2.3.3] AndroidManifest.xml:25:22-76
28    <uses-permission android:name="android.permission.INTERNET" />
28-->[com.google.android.datatransport:transport-backend-cct:2.3.3] AndroidManifest.xml:26:5-67
28-->[com.google.android.datatransport:transport-backend-cct:2.3.3] AndroidManifest.xml:26:22-64
29
30    <application
30-->src\main\AndroidManifest.xml:13:5-24:19
31        android:appComponentFactory="androidx.core.app.CoreComponentFactory"
31-->[androidx.core:core:1.12.0] AndroidManifest.xml:28:18-86
32        android:debuggable="true"
33        android:extractNativeLibs="false"
34        android:testOnly="true" >
35        <activity
35-->src\main\AndroidManifest.xml:14:9-16:40
36            android:name="com.ext.codegenerator.QRScannerActivity"
36-->src\main\AndroidManifest.xml:15:13-67
37            android:exported="false" />
37-->src\main\AndroidManifest.xml:16:13-37
38        <activity
38-->src\main\AndroidManifest.xml:17:9-19:40
39            android:name="com.ext.codegenerator.QRGenerativeActivity"
39-->src\main\AndroidManifest.xml:18:13-70
40            android:exported="false" />
40-->src\main\AndroidManifest.xml:19:13-37
41        <activity
41-->src\main\AndroidManifest.xml:20:9-23:66
42            android:name="com.ext.codegenerator.CameraPreviewActivity"
42-->src\main\AndroidManifest.xml:21:13-71
43            android:exported="false"
43-->src\main\AndroidManifest.xml:22:13-37
44            android:theme="@style/Theme.AppCompat.NoActionBar" />
44-->src\main\AndroidManifest.xml:23:13-63
45
46        <service
46-->[androidx.camera:camera-camera2:1.3.1] AndroidManifest.xml:24:9-33:19
47            android:name="androidx.camera.core.impl.MetadataHolderService"
47-->[androidx.camera:camera-camera2:1.3.1] AndroidManifest.xml:25:13-75
48            android:enabled="false"
48-->[androidx.camera:camera-camera2:1.3.1] AndroidManifest.xml:26:13-36
49            android:exported="false" >
49-->[androidx.camera:camera-camera2:1.3.1] AndroidManifest.xml:27:13-37
50            <meta-data
50-->[androidx.camera:camera-camera2:1.3.1] AndroidManifest.xml:30:13-32:89
51                android:name="androidx.camera.core.impl.MetadataHolderService.DEFAULT_CONFIG_PROVIDER"
51-->[androidx.camera:camera-camera2:1.3.1] AndroidManifest.xml:31:17-103
52                android:value="androidx.camera.camera2.Camera2Config$DefaultProvider" />
52-->[androidx.camera:camera-camera2:1.3.1] AndroidManifest.xml:32:17-86
53        </service>
54
55        <provider
55-->[androidx.emoji2:emoji2:1.2.0] AndroidManifest.xml:24:9-32:20
56            android:name="androidx.startup.InitializationProvider"
56-->[androidx.emoji2:emoji2:1.2.0] AndroidManifest.xml:25:13-67
57            android:authorities="com.ext.qrcodegenerator.androidx-startup"
57-->[androidx.emoji2:emoji2:1.2.0] AndroidManifest.xml:26:13-68
58            android:exported="false" >
58-->[androidx.emoji2:emoji2:1.2.0] AndroidManifest.xml:27:13-37
59            <meta-data
59-->[androidx.emoji2:emoji2:1.2.0] AndroidManifest.xml:29:13-31:52
60                android:name="androidx.emoji2.text.EmojiCompatInitializer"
60-->[androidx.emoji2:emoji2:1.2.0] AndroidManifest.xml:30:17-75
61                android:value="androidx.startup" />
61-->[androidx.emoji2:emoji2:1.2.0] AndroidManifest.xml:31:17-49
62            <meta-data
62-->[androidx.lifecycle:lifecycle-process:2.6.1] AndroidManifest.xml:29:13-31:52
63                android:name="androidx.lifecycle.ProcessLifecycleInitializer"
63-->[androidx.lifecycle:lifecycle-process:2.6.1] AndroidManifest.xml:30:17-78
64                android:value="androidx.startup" />
64-->[androidx.lifecycle:lifecycle-process:2.6.1] AndroidManifest.xml:31:17-49
65            <meta-data
65-->[androidx.profileinstaller:profileinstaller:1.3.0] AndroidManifest.xml:29:13-31:52
66                android:name="androidx.profileinstaller.ProfileInstallerInitializer"
66-->[androidx.profileinstaller:profileinstaller:1.3.0] AndroidManifest.xml:30:17-85
67                android:value="androidx.startup" />
67-->[androidx.profileinstaller:profileinstaller:1.3.0] AndroidManifest.xml:31:17-49
68        </provider>
69
70        <service
70-->[com.google.android.gms:play-services-mlkit-barcode-scanning:18.3.0] AndroidManifest.xml:9:9-15:19
71            android:name="com.google.mlkit.common.internal.MlKitComponentDiscoveryService"
71-->[com.google.android.gms:play-services-mlkit-barcode-scanning:18.3.0] AndroidManifest.xml:10:13-91
72            android:directBootAware="true"
72-->[com.google.mlkit:common:18.9.0] AndroidManifest.xml:17:13-43
73            android:exported="false" >
73-->[com.google.android.gms:play-services-mlkit-barcode-scanning:18.3.0] AndroidManifest.xml:11:13-37
74            <meta-data
74-->[com.google.android.gms:play-services-mlkit-barcode-scanning:18.3.0] AndroidManifest.xml:12:13-14:85
75                android:name="com.google.firebase.components:com.google.mlkit.vision.barcode.internal.BarcodeRegistrar"
75-->[com.google.android.gms:play-services-mlkit-barcode-scanning:18.3.0] AndroidManifest.xml:13:17-120
76                android:value="com.google.firebase.components.ComponentRegistrar" />
76-->[com.google.android.gms:play-services-mlkit-barcode-scanning:18.3.0] AndroidManifest.xml:14:17-82
77            <meta-data
77-->[com.google.mlkit:vision-common:17.3.0] AndroidManifest.xml:12:13-14:85
78                android:name="com.google.firebase.components:com.google.mlkit.vision.common.internal.VisionCommonRegistrar"
78-->[com.google.mlkit:vision-common:17.3.0] AndroidManifest.xml:13:17-124
79                android:value="com.google.firebase.components.ComponentRegistrar" />
79-->[com.google.mlkit:vision-common:17.3.0] AndroidManifest.xml:14:17-82
80            <meta-data
80-->[com.google.mlkit:common:18.9.0] AndroidManifest.xml:20:13-22:85
81                android:name="com.google.firebase.components:com.google.mlkit.common.internal.CommonComponentRegistrar"
81-->[com.google.mlkit:common:18.9.0] AndroidManifest.xml:21:17-120
82                android:value="com.google.firebase.components.ComponentRegistrar" />
82-->[com.google.mlkit:common:18.9.0] AndroidManifest.xml:22:17-82
83        </service>
84
85        <provider
85-->[com.google.mlkit:common:18.9.0] AndroidManifest.xml:9:9-13:38
86            android:name="com.google.mlkit.common.internal.MlKitInitProvider"
86-->[com.google.mlkit:common:18.9.0] AndroidManifest.xml:10:13-78
87            android:authorities="com.ext.qrcodegenerator.mlkitinitprovider"
87-->[com.google.mlkit:common:18.9.0] AndroidManifest.xml:11:13-69
88            android:exported="false"
88-->[com.google.mlkit:common:18.9.0] AndroidManifest.xml:12:13-37
89            android:initOrder="99" />
89-->[com.google.mlkit:common:18.9.0] AndroidManifest.xml:13:13-35
90
91        <activity
91-->[com.google.android.gms:play-services-base:18.1.0] AndroidManifest.xml:20:9-22:45
92            android:name="com.google.android.gms.common.api.GoogleApiActivity"
92-->[com.google.android.gms:play-services-base:18.1.0] AndroidManifest.xml:20:19-85
93            android:exported="false"
93-->[com.google.android.gms:play-services-base:18.1.0] AndroidManifest.xml:22:19-43
94            android:theme="@android:style/Theme.Translucent.NoTitleBar" />
94-->[com.google.android.gms:play-services-base:18.1.0] AndroidManifest.xml:21:19-78
95
96        <meta-data
96-->[com.google.android.gms:play-services-basement:18.1.0] AndroidManifest.xml:21:9-23:69
97            android:name="com.google.android.gms.version"
97-->[com.google.android.gms:play-services-basement:18.1.0] AndroidManifest.xml:22:13-58
98            android:value="@integer/google_play_services_version" />
98-->[com.google.android.gms:play-services-basement:18.1.0] AndroidManifest.xml:23:13-66
99
100        <receiver
100-->[androidx.profileinstaller:profileinstaller:1.3.0] AndroidManifest.xml:34:9-52:20
101            android:name="androidx.profileinstaller.ProfileInstallReceiver"
101-->[androidx.profileinstaller:profileinstaller:1.3.0] AndroidManifest.xml:35:13-76
102            android:directBootAware="false"
102-->[androidx.profileinstaller:profileinstaller:1.3.0] AndroidManifest.xml:36:13-44
103            android:enabled="true"
103-->[androidx.profileinstaller:profileinstaller:1.3.0] AndroidManifest.xml:37:13-35
104            android:exported="true"
104-->[androidx.profileinstaller:profileinstaller:1.3.0] AndroidManifest.xml:38:13-36
105            android:permission="android.permission.DUMP" >
105-->[androidx.profileinstaller:profileinstaller:1.3.0] AndroidManifest.xml:39:13-57
106            <intent-filter>
106-->[androidx.profileinstaller:profileinstaller:1.3.0] AndroidManifest.xml:40:13-42:29
107                <action android:name="androidx.profileinstaller.action.INSTALL_PROFILE" />
107-->[androidx.profileinstaller:profileinstaller:1.3.0] AndroidManifest.xml:41:17-91
107-->[androidx.profileinstaller:profileinstaller:1.3.0] AndroidManifest.xml:41:25-88
108            </intent-filter>
109            <intent-filter>
109-->[androidx.profileinstaller:profileinstaller:1.3.0] AndroidManifest.xml:43:13-45:29
110                <action android:name="androidx.profileinstaller.action.SKIP_FILE" />
110-->[androidx.profileinstaller:profileinstaller:1.3.0] AndroidManifest.xml:44:17-85
110-->[androidx.profileinstaller:profileinstaller:1.3.0] AndroidManifest.xml:44:25-82
111            </intent-filter>
112            <intent-filter>
112-->[androidx.profileinstaller:profileinstaller:1.3.0] AndroidManifest.xml:46:13-48:29
113                <action android:name="androidx.profileinstaller.action.SAVE_PROFILE" />
113-->[androidx.profileinstaller:profileinstaller:1.3.0] AndroidManifest.xml:47:17-88
113-->[androidx.profileinstaller:profileinstaller:1.3.0] AndroidManifest.xml:47:25-85
114            </intent-filter>
115            <intent-filter>
115-->[androidx.profileinstaller:profileinstaller:1.3.0] AndroidManifest.xml:49:13-51:29
116                <action android:name="androidx.profileinstaller.action.BENCHMARK_OPERATION" />
116-->[androidx.profileinstaller:profileinstaller:1.3.0] AndroidManifest.xml:50:17-95
116-->[androidx.profileinstaller:profileinstaller:1.3.0] AndroidManifest.xml:50:25-92
117            </intent-filter>
118        </receiver>
119
120        <service
120-->[com.google.android.datatransport:transport-backend-cct:2.3.3] AndroidManifest.xml:29:9-35:19
121            android:name="com.google.android.datatransport.runtime.backends.TransportBackendDiscovery"
121-->[com.google.android.datatransport:transport-backend-cct:2.3.3] AndroidManifest.xml:30:13-103
122            android:exported="false" >
122-->[com.google.android.datatransport:transport-backend-cct:2.3.3] AndroidManifest.xml:31:13-37
123            <meta-data
123-->[com.google.android.datatransport:transport-backend-cct:2.3.3] AndroidManifest.xml:32:13-34:39
124                android:name="backend:com.google.android.datatransport.cct.CctBackendFactory"
124-->[com.google.android.datatransport:transport-backend-cct:2.3.3] AndroidManifest.xml:33:17-94
125                android:value="cct" />
125-->[com.google.android.datatransport:transport-backend-cct:2.3.3] AndroidManifest.xml:34:17-36
126        </service>
127        <service
127-->[com.google.android.datatransport:transport-runtime:2.2.6] AndroidManifest.xml:26:9-30:19
128            android:name="com.google.android.datatransport.runtime.scheduling.jobscheduling.JobInfoSchedulerService"
128-->[com.google.android.datatransport:transport-runtime:2.2.6] AndroidManifest.xml:27:13-117
129            android:exported="false"
129-->[com.google.android.datatransport:transport-runtime:2.2.6] AndroidManifest.xml:28:13-37
130            android:permission="android.permission.BIND_JOB_SERVICE" >
130-->[com.google.android.datatransport:transport-runtime:2.2.6] AndroidManifest.xml:29:13-69
131        </service>
132
133        <receiver
133-->[com.google.android.datatransport:transport-runtime:2.2.6] AndroidManifest.xml:32:9-34:40
134            android:name="com.google.android.datatransport.runtime.scheduling.jobscheduling.AlarmManagerSchedulerBroadcastReceiver"
134-->[com.google.android.datatransport:transport-runtime:2.2.6] AndroidManifest.xml:33:13-132
135            android:exported="false" />
135-->[com.google.android.datatransport:transport-runtime:2.2.6] AndroidManifest.xml:34:13-37
136    </application>
137
138</manifest>